[2022-12-25T03:36:58.906+0000] {taskinstance.py:1087} INFO - Dependencies all met for <TaskInstance: our_first_dag.second_task manual__2022-12-25T03:36:23.293078+00:00 [queued]>
[2022-12-25T03:36:59.432+0000] {taskinstance.py:1087} INFO - Dependencies all met for <TaskInstance: our_first_dag.second_task manual__2022-12-25T03:36:23.293078+00:00 [queued]>
[2022-12-25T03:36:59.470+0000] {taskinstance.py:1283} INFO - 
--------------------------------------------------------------------------------
[2022-12-25T03:36:59.484+0000] {taskinstance.py:1284} INFO - Starting attempt 1 of 6
[2022-12-25T03:36:59.492+0000] {taskinstance.py:1285} INFO - 
--------------------------------------------------------------------------------
[2022-12-25T03:37:01.450+0000] {taskinstance.py:1304} INFO - Executing <Task(BashOperator): second_task> on 2022-12-25 03:36:23.293078+00:00
[2022-12-25T03:37:01.851+0000] {standard_task_runner.py:55} INFO - Started process 315 to run task
[2022-12-25T03:37:02.075+0000] {standard_task_runner.py:82} INFO - Running: ['***', 'tasks', 'run', 'our_first_dag', 'second_task', 'manual__2022-12-25T03:36:23.293078+00:00', '--job-id', '23', '--raw', '--subdir', 'DAGS_FOLDER/test_dag.py', '--cfg-path', '/tmp/tmpk4ucn53p']
[2022-12-25T03:37:02.089+0000] {standard_task_runner.py:83} INFO - Job 23: Subtask second_task
[2022-12-25T03:37:09.797+0000] {task_command.py:389} INFO - Running <TaskInstance: our_first_dag.second_task manual__2022-12-25T03:36:23.293078+00:00 [running]> on host 176142c05a95
[2022-12-25T03:37:15.543+0000] {taskinstance.py:1513} INFO - Exporting the following env vars:
AIRFLOW_CTX_DAG_OWNER=abi
AIRFLOW_CTX_DAG_ID=our_first_dag
AIRFLOW_CTX_TASK_ID=second_task
AIRFLOW_CTX_EXECUTION_DATE=2022-12-25T03:36:23.293078+00:00
AIRFLOW_CTX_TRY_NUMBER=1
AIRFLOW_CTX_DAG_RUN_ID=manual__2022-12-25T03:36:23.293078+00:00
[2022-12-25T03:37:15.781+0000] {subprocess.py:63} INFO - Tmp dir root location: 
 /tmp
[2022-12-25T03:37:15.792+0000] {subprocess.py:75} INFO - Running command: ['/bin/bash', '-c', 'echo hey, I am task2 and will be running after task1!']
[2022-12-25T03:37:16.659+0000] {subprocess.py:86} INFO - Output:
[2022-12-25T03:37:16.874+0000] {subprocess.py:93} INFO - hey, I am task2 and will be running after task1!
[2022-12-25T03:37:16.887+0000] {subprocess.py:97} INFO - Command exited with return code 0
[2022-12-25T03:37:19.562+0000] {taskinstance.py:1327} INFO - Marking task as SUCCESS. dag_id=our_first_dag, task_id=second_task, execution_date=20221225T033623, start_date=20221225T033659, end_date=20221225T033719
[2022-12-25T03:37:22.275+0000] {local_task_job.py:159} INFO - Task exited with return code 0
[2022-12-25T03:37:25.743+0000] {taskinstance.py:2582} INFO - 0 downstream tasks scheduled from follow-on schedule check
