[2022-12-25T03:40:36.494+0000] {taskinstance.py:1087} INFO - Dependencies all met for <TaskInstance: our_first_dag.thrid_task scheduled__2022-12-21T00:00:00+00:00 [queued]>
[2022-12-25T03:40:38.721+0000] {taskinstance.py:1087} INFO - Dependencies all met for <TaskInstance: our_first_dag.thrid_task scheduled__2022-12-21T00:00:00+00:00 [queued]>
[2022-12-25T03:40:38.806+0000] {taskinstance.py:1283} INFO - 
--------------------------------------------------------------------------------
[2022-12-25T03:40:38.837+0000] {taskinstance.py:1284} INFO - Starting attempt 1 of 6
[2022-12-25T03:40:38.914+0000] {taskinstance.py:1285} INFO - 
--------------------------------------------------------------------------------
[2022-12-25T03:40:42.652+0000] {taskinstance.py:1304} INFO - Executing <Task(BashOperator): thrid_task> on 2022-12-21 00:00:00+00:00
[2022-12-25T03:40:43.015+0000] {standard_task_runner.py:55} INFO - Started process 416 to run task
[2022-12-25T03:40:43.646+0000] {standard_task_runner.py:82} INFO - Running: ['***', 'tasks', 'run', 'our_first_dag', 'thrid_task', 'scheduled__2022-12-21T00:00:00+00:00', '--job-id', '39', '--raw', '--subdir', 'DAGS_FOLDER/test_dag.py', '--cfg-path', '/tmp/tmp3cw3z9sj']
[2022-12-25T03:40:43.865+0000] {standard_task_runner.py:83} INFO - Job 39: Subtask thrid_task
[2022-12-25T03:40:47.764+0000] {task_command.py:389} INFO - Running <TaskInstance: our_first_dag.thrid_task scheduled__2022-12-21T00:00:00+00:00 [running]> on host 176142c05a95
[2022-12-25T03:40:56.298+0000] {taskinstance.py:1513} INFO - Exporting the following env vars:
AIRFLOW_CTX_DAG_OWNER=abi
AIRFLOW_CTX_DAG_ID=our_first_dag
AIRFLOW_CTX_TASK_ID=thrid_task
AIRFLOW_CTX_EXECUTION_DATE=2022-12-21T00:00:00+00:00
AIRFLOW_CTX_TRY_NUMBER=1
AIRFLOW_CTX_DAG_RUN_ID=scheduled__2022-12-21T00:00:00+00:00
[2022-12-25T03:40:56.493+0000] {subprocess.py:63} INFO - Tmp dir root location: 
 /tmp
[2022-12-25T03:40:56.560+0000] {subprocess.py:75} INFO - Running command: ['/bin/bash', '-c', 'echo hey, I am task3 and will be running after task1 at the same time as task2!']
[2022-12-25T03:40:57.216+0000] {subprocess.py:86} INFO - Output:
[2022-12-25T03:40:57.968+0000] {subprocess.py:93} INFO - hey, I am task3 and will be running after task1 at the same time as task2!
[2022-12-25T03:40:58.057+0000] {subprocess.py:97} INFO - Command exited with return code 0
[2022-12-25T03:40:59.520+0000] {taskinstance.py:1327} INFO - Marking task as SUCCESS. dag_id=our_first_dag, task_id=thrid_task, execution_date=20221221T000000, start_date=20221225T034036, end_date=20221225T034059
[2022-12-25T03:41:47.749+0000] {local_task_job.py:159} INFO - Task exited with return code 0
[2022-12-25T03:41:50.049+0000] {taskinstance.py:2582} INFO - 0 downstream tasks scheduled from follow-on schedule check
