[2022-12-25T03:36:32.031+0000] {taskinstance.py:1087} INFO - Dependencies all met for <TaskInstance: our_first_dag.first_task manual__2022-12-25T03:36:23.293078+00:00 [queued]>
[2022-12-25T03:36:32.301+0000] {taskinstance.py:1087} INFO - Dependencies all met for <TaskInstance: our_first_dag.first_task manual__2022-12-25T03:36:23.293078+00:00 [queued]>
[2022-12-25T03:36:32.306+0000] {taskinstance.py:1283} INFO - 
--------------------------------------------------------------------------------
[2022-12-25T03:36:32.309+0000] {taskinstance.py:1284} INFO - Starting attempt 1 of 6
[2022-12-25T03:36:32.313+0000] {taskinstance.py:1285} INFO - 
--------------------------------------------------------------------------------
[2022-12-25T03:36:32.829+0000] {taskinstance.py:1304} INFO - Executing <Task(BashOperator): first_task> on 2022-12-25 03:36:23.293078+00:00
[2022-12-25T03:36:32.985+0000] {standard_task_runner.py:55} INFO - Started process 284 to run task
[2022-12-25T03:36:33.141+0000] {standard_task_runner.py:82} INFO - Running: ['***', 'tasks', 'run', 'our_first_dag', 'first_task', 'manual__2022-12-25T03:36:23.293078+00:00', '--job-id', '15', '--raw', '--subdir', 'DAGS_FOLDER/test_dag.py', '--cfg-path', '/tmp/tmput1whjib']
[2022-12-25T03:36:33.177+0000] {standard_task_runner.py:83} INFO - Job 15: Subtask first_task
[2022-12-25T03:36:34.482+0000] {task_command.py:389} INFO - Running <TaskInstance: our_first_dag.first_task manual__2022-12-25T03:36:23.293078+00:00 [running]> on host 176142c05a95
[2022-12-25T03:36:35.534+0000] {taskinstance.py:1513} INFO - Exporting the following env vars:
AIRFLOW_CTX_DAG_OWNER=abi
AIRFLOW_CTX_DAG_ID=our_first_dag
AIRFLOW_CTX_TASK_ID=first_task
AIRFLOW_CTX_EXECUTION_DATE=2022-12-25T03:36:23.293078+00:00
AIRFLOW_CTX_TRY_NUMBER=1
AIRFLOW_CTX_DAG_RUN_ID=manual__2022-12-25T03:36:23.293078+00:00
[2022-12-25T03:36:35.547+0000] {subprocess.py:63} INFO - Tmp dir root location: 
 /tmp
[2022-12-25T03:36:35.551+0000] {subprocess.py:75} INFO - Running command: ['/bin/bash', '-c', 'echo hello world, this is the first task!']
[2022-12-25T03:36:35.749+0000] {subprocess.py:86} INFO - Output:
[2022-12-25T03:36:35.789+0000] {subprocess.py:93} INFO - hello world, this is the first task!
[2022-12-25T03:36:35.807+0000] {subprocess.py:97} INFO - Command exited with return code 0
[2022-12-25T03:36:36.246+0000] {taskinstance.py:1327} INFO - Marking task as SUCCESS. dag_id=our_first_dag, task_id=first_task, execution_date=20221225T033623, start_date=20221225T033632, end_date=20221225T033636
[2022-12-25T03:36:36.949+0000] {local_task_job.py:159} INFO - Task exited with return code 0
[2022-12-25T03:36:37.720+0000] {taskinstance.py:2582} INFO - 2 downstream tasks scheduled from follow-on schedule check
