[2022-12-25T03:36:52.469+0000] {taskinstance.py:1087} INFO - Dependencies all met for <TaskInstance: our_first_dag.first_task scheduled__2022-12-21T00:00:00+00:00 [queued]>
[2022-12-25T03:36:53.901+0000] {taskinstance.py:1087} INFO - Dependencies all met for <TaskInstance: our_first_dag.first_task scheduled__2022-12-21T00:00:00+00:00 [queued]>
[2022-12-25T03:36:53.930+0000] {taskinstance.py:1283} INFO - 
--------------------------------------------------------------------------------
[2022-12-25T03:36:53.938+0000] {taskinstance.py:1284} INFO - Starting attempt 1 of 6
[2022-12-25T03:36:53.945+0000] {taskinstance.py:1285} INFO - 
--------------------------------------------------------------------------------
[2022-12-25T03:36:55.841+0000] {taskinstance.py:1304} INFO - Executing <Task(BashOperator): first_task> on 2022-12-21 00:00:00+00:00
[2022-12-25T03:36:55.987+0000] {standard_task_runner.py:55} INFO - Started process 311 to run task
[2022-12-25T03:36:56.167+0000] {standard_task_runner.py:82} INFO - Running: ['***', 'tasks', 'run', 'our_first_dag', 'first_task', 'scheduled__2022-12-21T00:00:00+00:00', '--job-id', '22', '--raw', '--subdir', 'DAGS_FOLDER/test_dag.py', '--cfg-path', '/tmp/tmpmzmxk59n']
[2022-12-25T03:36:56.177+0000] {standard_task_runner.py:83} INFO - Job 22: Subtask first_task
[2022-12-25T03:36:58.577+0000] {task_command.py:389} INFO - Running <TaskInstance: our_first_dag.first_task scheduled__2022-12-21T00:00:00+00:00 [running]> on host 176142c05a95
[2022-12-25T03:37:02.616+0000] {taskinstance.py:1513} INFO - Exporting the following env vars:
AIRFLOW_CTX_DAG_OWNER=abi
AIRFLOW_CTX_DAG_ID=our_first_dag
AIRFLOW_CTX_TASK_ID=first_task
AIRFLOW_CTX_EXECUTION_DATE=2022-12-21T00:00:00+00:00
AIRFLOW_CTX_TRY_NUMBER=1
AIRFLOW_CTX_DAG_RUN_ID=scheduled__2022-12-21T00:00:00+00:00
[2022-12-25T03:37:02.747+0000] {subprocess.py:63} INFO - Tmp dir root location: 
 /tmp
[2022-12-25T03:37:02.783+0000] {subprocess.py:75} INFO - Running command: ['/bin/bash', '-c', 'echo hello world, this is the first task!']
[2022-12-25T03:37:03.451+0000] {subprocess.py:86} INFO - Output:
[2022-12-25T03:37:03.631+0000] {subprocess.py:93} INFO - hello world, this is the first task!
[2022-12-25T03:37:03.702+0000] {subprocess.py:97} INFO - Command exited with return code 0
[2022-12-25T03:37:06.034+0000] {taskinstance.py:1327} INFO - Marking task as SUCCESS. dag_id=our_first_dag, task_id=first_task, execution_date=20221221T000000, start_date=20221225T033652, end_date=20221225T033706
[2022-12-25T03:37:10.056+0000] {local_task_job.py:159} INFO - Task exited with return code 0
[2022-12-25T03:37:13.722+0000] {taskinstance.py:2582} INFO - 0 downstream tasks scheduled from follow-on schedule check
