[2022-12-25T02:43:15.749+0000] {taskinstance.py:1087} INFO - Dependencies all met for <TaskInstance: dag_with_python_dependencies_v03.get_etl scheduled__2021-10-13T00:00:00+00:00 [queued]>
[2022-12-25T02:43:16.284+0000] {taskinstance.py:1087} INFO - Dependencies all met for <TaskInstance: dag_with_python_dependencies_v03.get_etl scheduled__2021-10-13T00:00:00+00:00 [queued]>
[2022-12-25T02:43:16.313+0000] {taskinstance.py:1283} INFO - 
--------------------------------------------------------------------------------
[2022-12-25T02:43:16.320+0000] {taskinstance.py:1284} INFO - Starting attempt 1 of 1
[2022-12-25T02:43:16.323+0000] {taskinstance.py:1285} INFO - 
--------------------------------------------------------------------------------
[2022-12-25T02:43:17.782+0000] {taskinstance.py:1304} INFO - Executing <Task(PythonOperator): get_etl> on 2021-10-13 00:00:00+00:00
[2022-12-25T02:43:18.075+0000] {standard_task_runner.py:55} INFO - Started process 685 to run task
[2022-12-25T02:43:18.218+0000] {standard_task_runner.py:82} INFO - Running: ['***', 'tasks', 'run', 'dag_with_python_dependencies_v03', 'get_etl', 'scheduled__2021-10-13T00:00:00+00:00', '--job-id', '4', '--raw', '--subdir', 'DAGS_FOLDER/etl_with_dependecies.py', '--cfg-path', '/tmp/tmp3hdzgd69']
[2022-12-25T02:43:18.228+0000] {standard_task_runner.py:83} INFO - Job 4: Subtask get_etl
[2022-12-25T02:43:21.954+0000] {task_command.py:389} INFO - Running <TaskInstance: dag_with_python_dependencies_v03.get_etl scheduled__2021-10-13T00:00:00+00:00 [running]> on host 176142c05a95
[2022-12-25T02:43:27.770+0000] {taskinstance.py:1513} INFO - Exporting the following env vars:
AIRFLOW_CTX_DAG_OWNER=coder2j
AIRFLOW_CTX_DAG_ID=dag_with_python_dependencies_v03
AIRFLOW_CTX_TASK_ID=get_etl
AIRFLOW_CTX_EXECUTION_DATE=2021-10-13T00:00:00+00:00
AIRFLOW_CTX_TRY_NUMBER=1
AIRFLOW_CTX_DAG_RUN_ID=scheduled__2021-10-13T00:00:00+00:00
[2022-12-25T02:50:26.404+0000] {local_task_job.py:159} INFO - Task exited with return code Negsignal.SIGKILL
