[2022-12-25T03:37:43.749+0000] {taskinstance.py:1087} INFO - Dependencies all met for <TaskInstance: our_first_dag.second_task scheduled__2022-12-24T00:00:00+00:00 [queued]>
[2022-12-25T03:37:44.190+0000] {taskinstance.py:1087} INFO - Dependencies all met for <TaskInstance: our_first_dag.second_task scheduled__2022-12-24T00:00:00+00:00 [queued]>
[2022-12-25T03:37:44.293+0000] {taskinstance.py:1283} INFO - 
--------------------------------------------------------------------------------
[2022-12-25T03:37:44.298+0000] {taskinstance.py:1284} INFO - Starting attempt 1 of 6
[2022-12-25T03:37:44.303+0000] {taskinstance.py:1285} INFO - 
--------------------------------------------------------------------------------
[2022-12-25T03:37:46.659+0000] {taskinstance.py:1304} INFO - Executing <Task(BashOperator): second_task> on 2022-12-24 00:00:00+00:00
[2022-12-25T03:37:46.961+0000] {standard_task_runner.py:55} INFO - Started process 357 to run task
[2022-12-25T03:37:48.981+0000] {standard_task_runner.py:82} INFO - Running: ['***', 'tasks', 'run', 'our_first_dag', 'second_task', 'scheduled__2022-12-24T00:00:00+00:00', '--job-id', '27', '--raw', '--subdir', 'DAGS_FOLDER/test_dag.py', '--cfg-path', '/tmp/tmpva5jrrvj']
[2022-12-25T03:37:49.038+0000] {standard_task_runner.py:83} INFO - Job 27: Subtask second_task
[2022-12-25T03:37:55.753+0000] {task_command.py:389} INFO - Running <TaskInstance: our_first_dag.second_task scheduled__2022-12-24T00:00:00+00:00 [running]> on host 176142c05a95
[2022-12-25T03:38:22.346+0000] {taskinstance.py:1513} INFO - Exporting the following env vars:
AIRFLOW_CTX_DAG_OWNER=abi
AIRFLOW_CTX_DAG_ID=our_first_dag
AIRFLOW_CTX_TASK_ID=second_task
AIRFLOW_CTX_EXECUTION_DATE=2022-12-24T00:00:00+00:00
AIRFLOW_CTX_TRY_NUMBER=1
AIRFLOW_CTX_DAG_RUN_ID=scheduled__2022-12-24T00:00:00+00:00
[2022-12-25T03:38:22.564+0000] {subprocess.py:63} INFO - Tmp dir root location: 
 /tmp
[2022-12-25T03:38:22.680+0000] {subprocess.py:75} INFO - Running command: ['/bin/bash', '-c', 'echo hey, I am task2 and will be running after task1!']
[2022-12-25T03:38:24.257+0000] {subprocess.py:86} INFO - Output:
[2022-12-25T03:38:35.247+0000] {subprocess.py:93} INFO - hey, I am task2 and will be running after task1!
[2022-12-25T03:38:35.288+0000] {subprocess.py:97} INFO - Command exited with return code 0
[2022-12-25T03:39:22.819+0000] {taskinstance.py:1327} INFO - Marking task as SUCCESS. dag_id=our_first_dag, task_id=second_task, execution_date=20221224T000000, start_date=20221225T033743, end_date=20221225T033922
[2022-12-25T03:39:54.986+0000] {local_task_job.py:159} INFO - Task exited with return code 0
[2022-12-25T03:40:23.048+0000] {taskinstance.py:2582} INFO - 0 downstream tasks scheduled from follow-on schedule check
