[2022-12-25T03:37:44.976+0000] {taskinstance.py:1087} INFO - Dependencies all met for <TaskInstance: our_first_dag.thrid_task scheduled__2022-12-24T00:00:00+00:00 [queued]>
[2022-12-25T03:37:46.682+0000] {taskinstance.py:1087} INFO - Dependencies all met for <TaskInstance: our_first_dag.thrid_task scheduled__2022-12-24T00:00:00+00:00 [queued]>
[2022-12-25T03:37:46.728+0000] {taskinstance.py:1283} INFO - 
--------------------------------------------------------------------------------
[2022-12-25T03:37:46.731+0000] {taskinstance.py:1284} INFO - Starting attempt 1 of 6
[2022-12-25T03:37:46.733+0000] {taskinstance.py:1285} INFO - 
--------------------------------------------------------------------------------
[2022-12-25T03:37:49.264+0000] {taskinstance.py:1304} INFO - Executing <Task(BashOperator): thrid_task> on 2022-12-24 00:00:00+00:00
[2022-12-25T03:37:49.923+0000] {standard_task_runner.py:55} INFO - Started process 359 to run task
[2022-12-25T03:37:50.224+0000] {standard_task_runner.py:82} INFO - Running: ['***', 'tasks', 'run', 'our_first_dag', 'thrid_task', 'scheduled__2022-12-24T00:00:00+00:00', '--job-id', '33', '--raw', '--subdir', 'DAGS_FOLDER/test_dag.py', '--cfg-path', '/tmp/tmpuws16k2x']
[2022-12-25T03:37:50.393+0000] {standard_task_runner.py:83} INFO - Job 33: Subtask thrid_task
[2022-12-25T03:37:59.412+0000] {task_command.py:389} INFO - Running <TaskInstance: our_first_dag.thrid_task scheduled__2022-12-24T00:00:00+00:00 [running]> on host 176142c05a95
[2022-12-25T03:38:41.293+0000] {taskinstance.py:1513} INFO - Exporting the following env vars:
AIRFLOW_CTX_DAG_OWNER=abi
AIRFLOW_CTX_DAG_ID=our_first_dag
AIRFLOW_CTX_TASK_ID=thrid_task
AIRFLOW_CTX_EXECUTION_DATE=2022-12-24T00:00:00+00:00
AIRFLOW_CTX_TRY_NUMBER=1
AIRFLOW_CTX_DAG_RUN_ID=scheduled__2022-12-24T00:00:00+00:00
[2022-12-25T03:38:41.987+0000] {subprocess.py:63} INFO - Tmp dir root location: 
 /tmp
[2022-12-25T03:38:42.930+0000] {subprocess.py:75} INFO - Running command: ['/bin/bash', '-c', 'echo hey, I am task3 and will be running after task1 at the same time as task2!']
[2022-12-25T03:38:54.139+0000] {subprocess.py:86} INFO - Output:
[2022-12-25T03:39:02.661+0000] {subprocess.py:93} INFO - hey, I am task3 and will be running after task1 at the same time as task2!
[2022-12-25T03:39:03.265+0000] {subprocess.py:97} INFO - Command exited with return code 0
[2022-12-25T03:39:56.810+0000] {taskinstance.py:1327} INFO - Marking task as SUCCESS. dag_id=our_first_dag, task_id=thrid_task, execution_date=20221224T000000, start_date=20221225T033745, end_date=20221225T033956
[2022-12-25T03:40:22.607+0000] {local_task_job.py:159} INFO - Task exited with return code 0
[2022-12-25T03:40:25.420+0000] {taskinstance.py:2582} INFO - 0 downstream tasks scheduled from follow-on schedule check
