[2022-12-25T03:40:57.200+0000] {taskinstance.py:1087} INFO - Dependencies all met for <TaskInstance: our_first_dag.second_task scheduled__2022-12-21T00:00:00+00:00 [queued]>
[2022-12-25T03:40:58.559+0000] {taskinstance.py:1087} INFO - Dependencies all met for <TaskInstance: our_first_dag.second_task scheduled__2022-12-21T00:00:00+00:00 [queued]>
[2022-12-25T03:40:58.576+0000] {taskinstance.py:1283} INFO - 
--------------------------------------------------------------------------------
[2022-12-25T03:40:58.581+0000] {taskinstance.py:1284} INFO - Starting attempt 1 of 6
[2022-12-25T03:40:58.585+0000] {taskinstance.py:1285} INFO - 
--------------------------------------------------------------------------------
[2022-12-25T03:41:39.789+0000] {taskinstance.py:1304} INFO - Executing <Task(BashOperator): second_task> on 2022-12-21 00:00:00+00:00
[2022-12-25T03:41:40.719+0000] {standard_task_runner.py:55} INFO - Started process 457 to run task
[2022-12-25T03:41:41.521+0000] {standard_task_runner.py:82} INFO - Running: ['***', 'tasks', 'run', 'our_first_dag', 'second_task', 'scheduled__2022-12-21T00:00:00+00:00', '--job-id', '40', '--raw', '--subdir', 'DAGS_FOLDER/test_dag.py', '--cfg-path', '/tmp/tmphua37x9k']
[2022-12-25T03:41:41.973+0000] {standard_task_runner.py:83} INFO - Job 40: Subtask second_task
[2022-12-25T03:41:51.289+0000] {task_command.py:389} INFO - Running <TaskInstance: our_first_dag.second_task scheduled__2022-12-21T00:00:00+00:00 [running]> on host 176142c05a95
[2022-12-25T03:42:03.790+0000] {taskinstance.py:1513} INFO - Exporting the following env vars:
AIRFLOW_CTX_DAG_OWNER=abi
AIRFLOW_CTX_DAG_ID=our_first_dag
AIRFLOW_CTX_TASK_ID=second_task
AIRFLOW_CTX_EXECUTION_DATE=2022-12-21T00:00:00+00:00
AIRFLOW_CTX_TRY_NUMBER=1
AIRFLOW_CTX_DAG_RUN_ID=scheduled__2022-12-21T00:00:00+00:00
[2022-12-25T03:42:04.566+0000] {subprocess.py:63} INFO - Tmp dir root location: 
 /tmp
[2022-12-25T03:42:04.665+0000] {subprocess.py:75} INFO - Running command: ['/bin/bash', '-c', 'echo hey, I am task2 and will be running after task1!']
[2022-12-25T03:42:06.282+0000] {subprocess.py:86} INFO - Output:
[2022-12-25T03:42:06.525+0000] {subprocess.py:93} INFO - hey, I am task2 and will be running after task1!
[2022-12-25T03:42:06.574+0000] {subprocess.py:97} INFO - Command exited with return code 0
[2022-12-25T03:42:09.192+0000] {taskinstance.py:1327} INFO - Marking task as SUCCESS. dag_id=our_first_dag, task_id=second_task, execution_date=20221221T000000, start_date=20221225T034057, end_date=20221225T034209
[2022-12-25T03:42:20.733+0000] {local_task_job.py:159} INFO - Task exited with return code 0
[2022-12-25T03:42:30.767+0000] {taskinstance.py:2582} INFO - 0 downstream tasks scheduled from follow-on schedule check
