[2022-12-25T03:36:44.322+0000] {taskinstance.py:1087} INFO - Dependencies all met for <TaskInstance: our_first_dag.first_task scheduled__2022-12-18T00:00:00+00:00 [queued]>
[2022-12-25T03:36:44.878+0000] {taskinstance.py:1087} INFO - Dependencies all met for <TaskInstance: our_first_dag.first_task scheduled__2022-12-18T00:00:00+00:00 [queued]>
[2022-12-25T03:36:44.915+0000] {taskinstance.py:1283} INFO - 
--------------------------------------------------------------------------------
[2022-12-25T03:36:44.928+0000] {taskinstance.py:1284} INFO - Starting attempt 1 of 6
[2022-12-25T03:36:44.946+0000] {taskinstance.py:1285} INFO - 
--------------------------------------------------------------------------------
[2022-12-25T03:36:45.942+0000] {taskinstance.py:1304} INFO - Executing <Task(BashOperator): first_task> on 2022-12-18 00:00:00+00:00
[2022-12-25T03:36:46.153+0000] {standard_task_runner.py:55} INFO - Started process 294 to run task
[2022-12-25T03:36:46.323+0000] {standard_task_runner.py:82} INFO - Running: ['***', 'tasks', 'run', 'our_first_dag', 'first_task', 'scheduled__2022-12-18T00:00:00+00:00', '--job-id', '16', '--raw', '--subdir', 'DAGS_FOLDER/test_dag.py', '--cfg-path', '/tmp/tmp41tjynn_']
[2022-12-25T03:36:46.328+0000] {standard_task_runner.py:83} INFO - Job 16: Subtask first_task
[2022-12-25T03:36:49.941+0000] {task_command.py:389} INFO - Running <TaskInstance: our_first_dag.first_task scheduled__2022-12-18T00:00:00+00:00 [running]> on host 176142c05a95
[2022-12-25T03:36:51.886+0000] {taskinstance.py:1513} INFO - Exporting the following env vars:
AIRFLOW_CTX_DAG_OWNER=abi
AIRFLOW_CTX_DAG_ID=our_first_dag
AIRFLOW_CTX_TASK_ID=first_task
AIRFLOW_CTX_EXECUTION_DATE=2022-12-18T00:00:00+00:00
AIRFLOW_CTX_TRY_NUMBER=1
AIRFLOW_CTX_DAG_RUN_ID=scheduled__2022-12-18T00:00:00+00:00
[2022-12-25T03:36:51.954+0000] {subprocess.py:63} INFO - Tmp dir root location: 
 /tmp
[2022-12-25T03:36:51.974+0000] {subprocess.py:75} INFO - Running command: ['/bin/bash', '-c', 'echo hello world, this is the first task!']
[2022-12-25T03:36:52.362+0000] {subprocess.py:86} INFO - Output:
[2022-12-25T03:36:52.482+0000] {subprocess.py:93} INFO - hello world, this is the first task!
[2022-12-25T03:36:52.496+0000] {subprocess.py:97} INFO - Command exited with return code 0
[2022-12-25T03:36:53.956+0000] {taskinstance.py:1327} INFO - Marking task as SUCCESS. dag_id=our_first_dag, task_id=first_task, execution_date=20221218T000000, start_date=20221225T033644, end_date=20221225T033653
[2022-12-25T03:36:55.986+0000] {local_task_job.py:159} INFO - Task exited with return code 0
[2022-12-25T03:36:57.870+0000] {taskinstance.py:2582} INFO - 0 downstream tasks scheduled from follow-on schedule check
