[2022-12-25T03:37:01.324+0000] {taskinstance.py:1087} INFO - Dependencies all met for <TaskInstance: our_first_dag.second_task scheduled__2022-12-17T00:00:00+00:00 [queued]>
[2022-12-25T03:37:02.031+0000] {taskinstance.py:1087} INFO - Dependencies all met for <TaskInstance: our_first_dag.second_task scheduled__2022-12-17T00:00:00+00:00 [queued]>
[2022-12-25T03:37:02.055+0000] {taskinstance.py:1283} INFO - 
--------------------------------------------------------------------------------
[2022-12-25T03:37:02.063+0000] {taskinstance.py:1284} INFO - Starting attempt 1 of 6
[2022-12-25T03:37:02.067+0000] {taskinstance.py:1285} INFO - 
--------------------------------------------------------------------------------
[2022-12-25T03:37:05.438+0000] {taskinstance.py:1304} INFO - Executing <Task(BashOperator): second_task> on 2022-12-17 00:00:00+00:00
[2022-12-25T03:37:05.650+0000] {standard_task_runner.py:55} INFO - Started process 324 to run task
[2022-12-25T03:37:06.284+0000] {standard_task_runner.py:82} INFO - Running: ['***', 'tasks', 'run', 'our_first_dag', 'second_task', 'scheduled__2022-12-17T00:00:00+00:00', '--job-id', '24', '--raw', '--subdir', 'DAGS_FOLDER/test_dag.py', '--cfg-path', '/tmp/tmpz3rej7ad']
[2022-12-25T03:37:06.603+0000] {standard_task_runner.py:83} INFO - Job 24: Subtask second_task
[2022-12-25T03:37:14.229+0000] {task_command.py:389} INFO - Running <TaskInstance: our_first_dag.second_task scheduled__2022-12-17T00:00:00+00:00 [running]> on host 176142c05a95
[2022-12-25T03:37:21.104+0000] {taskinstance.py:1513} INFO - Exporting the following env vars:
AIRFLOW_CTX_DAG_OWNER=abi
AIRFLOW_CTX_DAG_ID=our_first_dag
AIRFLOW_CTX_TASK_ID=second_task
AIRFLOW_CTX_EXECUTION_DATE=2022-12-17T00:00:00+00:00
AIRFLOW_CTX_TRY_NUMBER=1
AIRFLOW_CTX_DAG_RUN_ID=scheduled__2022-12-17T00:00:00+00:00
[2022-12-25T03:37:21.249+0000] {subprocess.py:63} INFO - Tmp dir root location: 
 /tmp
[2022-12-25T03:37:21.322+0000] {subprocess.py:75} INFO - Running command: ['/bin/bash', '-c', 'echo hey, I am task2 and will be running after task1!']
[2022-12-25T03:37:22.357+0000] {subprocess.py:86} INFO - Output:
[2022-12-25T03:37:22.448+0000] {subprocess.py:93} INFO - hey, I am task2 and will be running after task1!
[2022-12-25T03:37:22.481+0000] {subprocess.py:97} INFO - Command exited with return code 0
[2022-12-25T03:37:27.034+0000] {taskinstance.py:1327} INFO - Marking task as SUCCESS. dag_id=our_first_dag, task_id=second_task, execution_date=20221217T000000, start_date=20221225T033701, end_date=20221225T033727
[2022-12-25T03:37:32.808+0000] {local_task_job.py:159} INFO - Task exited with return code 0
[2022-12-25T03:37:33.715+0000] {taskinstance.py:2582} INFO - 0 downstream tasks scheduled from follow-on schedule check
