[2022-12-25T03:38:20.968+0000] {taskinstance.py:1087} INFO - Dependencies all met for <TaskInstance: our_first_dag.second_task scheduled__2022-12-19T00:00:00+00:00 [queued]>
[2022-12-25T03:38:24.826+0000] {taskinstance.py:1087} INFO - Dependencies all met for <TaskInstance: our_first_dag.second_task scheduled__2022-12-19T00:00:00+00:00 [queued]>
[2022-12-25T03:38:25.031+0000] {taskinstance.py:1283} INFO - 
--------------------------------------------------------------------------------
[2022-12-25T03:38:25.050+0000] {taskinstance.py:1284} INFO - Starting attempt 1 of 6
[2022-12-25T03:38:25.071+0000] {taskinstance.py:1285} INFO - 
--------------------------------------------------------------------------------
[2022-12-25T03:38:39.429+0000] {taskinstance.py:1304} INFO - Executing <Task(BashOperator): second_task> on 2022-12-19 00:00:00+00:00
[2022-12-25T03:38:40.974+0000] {standard_task_runner.py:55} INFO - Started process 394 to run task
[2022-12-25T03:38:46.179+0000] {standard_task_runner.py:82} INFO - Running: ['***', 'tasks', 'run', 'our_first_dag', 'second_task', 'scheduled__2022-12-19T00:00:00+00:00', '--job-id', '35', '--raw', '--subdir', 'DAGS_FOLDER/test_dag.py', '--cfg-path', '/tmp/tmp34ng1bx8']
[2022-12-25T03:38:48.214+0000] {standard_task_runner.py:83} INFO - Job 35: Subtask second_task
[2022-12-25T03:40:21.305+0000] {task_command.py:389} INFO - Running <TaskInstance: our_first_dag.second_task scheduled__2022-12-19T00:00:00+00:00 [running]> on host 176142c05a95
[2022-12-25T03:40:31.389+0000] {taskinstance.py:1513} INFO - Exporting the following env vars:
AIRFLOW_CTX_DAG_OWNER=abi
AIRFLOW_CTX_DAG_ID=our_first_dag
AIRFLOW_CTX_TASK_ID=second_task
AIRFLOW_CTX_EXECUTION_DATE=2022-12-19T00:00:00+00:00
AIRFLOW_CTX_TRY_NUMBER=1
AIRFLOW_CTX_DAG_RUN_ID=scheduled__2022-12-19T00:00:00+00:00
[2022-12-25T03:40:31.654+0000] {subprocess.py:63} INFO - Tmp dir root location: 
 /tmp
[2022-12-25T03:40:31.739+0000] {subprocess.py:75} INFO - Running command: ['/bin/bash', '-c', 'echo hey, I am task2 and will be running after task1!']
[2022-12-25T03:40:33.029+0000] {subprocess.py:86} INFO - Output:
[2022-12-25T03:40:33.142+0000] {subprocess.py:93} INFO - hey, I am task2 and will be running after task1!
[2022-12-25T03:40:33.216+0000] {subprocess.py:97} INFO - Command exited with return code 0
[2022-12-25T03:40:36.590+0000] {taskinstance.py:1327} INFO - Marking task as SUCCESS. dag_id=our_first_dag, task_id=second_task, execution_date=20221219T000000, start_date=20221225T033821, end_date=20221225T034036
[2022-12-25T03:40:43.795+0000] {local_task_job.py:159} INFO - Task exited with return code 0
[2022-12-25T03:40:45.505+0000] {taskinstance.py:2582} INFO - 0 downstream tasks scheduled from follow-on schedule check
