[2022-12-25T03:39:24.949+0000] {taskinstance.py:1087} INFO - Dependencies all met for <TaskInstance: our_first_dag.thrid_task scheduled__2022-12-20T00:00:00+00:00 [queued]>
[2022-12-25T03:39:56.237+0000] {taskinstance.py:1087} INFO - Dependencies all met for <TaskInstance: our_first_dag.thrid_task scheduled__2022-12-20T00:00:00+00:00 [queued]>
[2022-12-25T03:39:56.884+0000] {taskinstance.py:1283} INFO - 
--------------------------------------------------------------------------------
[2022-12-25T03:39:56.923+0000] {taskinstance.py:1284} INFO - Starting attempt 1 of 6
[2022-12-25T03:39:56.926+0000] {taskinstance.py:1285} INFO - 
--------------------------------------------------------------------------------
[2022-12-25T03:40:23.152+0000] {taskinstance.py:1304} INFO - Executing <Task(BashOperator): thrid_task> on 2022-12-20 00:00:00+00:00
[2022-12-25T03:40:23.508+0000] {standard_task_runner.py:55} INFO - Started process 403 to run task
[2022-12-25T03:40:23.780+0000] {standard_task_runner.py:82} INFO - Running: ['***', 'tasks', 'run', 'our_first_dag', 'thrid_task', 'scheduled__2022-12-20T00:00:00+00:00', '--job-id', '38', '--raw', '--subdir', 'DAGS_FOLDER/test_dag.py', '--cfg-path', '/tmp/tmpl5igl8br']
[2022-12-25T03:40:23.785+0000] {standard_task_runner.py:83} INFO - Job 38: Subtask thrid_task
[2022-12-25T03:40:33.678+0000] {task_command.py:389} INFO - Running <TaskInstance: our_first_dag.thrid_task scheduled__2022-12-20T00:00:00+00:00 [running]> on host 176142c05a95
[2022-12-25T03:40:45.150+0000] {taskinstance.py:1513} INFO - Exporting the following env vars:
AIRFLOW_CTX_DAG_OWNER=abi
AIRFLOW_CTX_DAG_ID=our_first_dag
AIRFLOW_CTX_TASK_ID=thrid_task
AIRFLOW_CTX_EXECUTION_DATE=2022-12-20T00:00:00+00:00
AIRFLOW_CTX_TRY_NUMBER=1
AIRFLOW_CTX_DAG_RUN_ID=scheduled__2022-12-20T00:00:00+00:00
[2022-12-25T03:40:45.327+0000] {subprocess.py:63} INFO - Tmp dir root location: 
 /tmp
[2022-12-25T03:40:45.361+0000] {subprocess.py:75} INFO - Running command: ['/bin/bash', '-c', 'echo hey, I am task3 and will be running after task1 at the same time as task2!']
[2022-12-25T03:40:45.578+0000] {subprocess.py:86} INFO - Output:
[2022-12-25T03:40:45.675+0000] {subprocess.py:93} INFO - hey, I am task3 and will be running after task1 at the same time as task2!
[2022-12-25T03:40:45.683+0000] {subprocess.py:97} INFO - Command exited with return code 0
[2022-12-25T03:40:46.665+0000] {taskinstance.py:1327} INFO - Marking task as SUCCESS. dag_id=our_first_dag, task_id=thrid_task, execution_date=20221220T000000, start_date=20221225T033927, end_date=20221225T034046
[2022-12-25T03:40:49.171+0000] {local_task_job.py:159} INFO - Task exited with return code 0
[2022-12-25T03:40:51.887+0000] {taskinstance.py:2582} INFO - 0 downstream tasks scheduled from follow-on schedule check
