[2022-12-25T03:37:44.920+0000] {taskinstance.py:1087} INFO - Dependencies all met for <TaskInstance: our_first_dag.thrid_task scheduled__2022-12-19T00:00:00+00:00 [queued]>
[2022-12-25T03:37:46.801+0000] {taskinstance.py:1087} INFO - Dependencies all met for <TaskInstance: our_first_dag.thrid_task scheduled__2022-12-19T00:00:00+00:00 [queued]>
[2022-12-25T03:37:46.817+0000] {taskinstance.py:1283} INFO - 
--------------------------------------------------------------------------------
[2022-12-25T03:37:46.819+0000] {taskinstance.py:1284} INFO - Starting attempt 1 of 6
[2022-12-25T03:37:46.821+0000] {taskinstance.py:1285} INFO - 
--------------------------------------------------------------------------------
[2022-12-25T03:37:49.959+0000] {taskinstance.py:1304} INFO - Executing <Task(BashOperator): thrid_task> on 2022-12-19 00:00:00+00:00
[2022-12-25T03:37:50.373+0000] {standard_task_runner.py:55} INFO - Started process 361 to run task
[2022-12-25T03:37:51.200+0000] {standard_task_runner.py:82} INFO - Running: ['***', 'tasks', 'run', 'our_first_dag', 'thrid_task', 'scheduled__2022-12-19T00:00:00+00:00', '--job-id', '28', '--raw', '--subdir', 'DAGS_FOLDER/test_dag.py', '--cfg-path', '/tmp/tmp8j12mmle']
[2022-12-25T03:37:51.426+0000] {standard_task_runner.py:83} INFO - Job 28: Subtask thrid_task
[2022-12-25T03:37:58.665+0000] {task_command.py:389} INFO - Running <TaskInstance: our_first_dag.thrid_task scheduled__2022-12-19T00:00:00+00:00 [running]> on host 176142c05a95
[2022-12-25T03:38:33.218+0000] {taskinstance.py:1513} INFO - Exporting the following env vars:
AIRFLOW_CTX_DAG_OWNER=abi
AIRFLOW_CTX_DAG_ID=our_first_dag
AIRFLOW_CTX_TASK_ID=thrid_task
AIRFLOW_CTX_EXECUTION_DATE=2022-12-19T00:00:00+00:00
AIRFLOW_CTX_TRY_NUMBER=1
AIRFLOW_CTX_DAG_RUN_ID=scheduled__2022-12-19T00:00:00+00:00
[2022-12-25T03:38:37.584+0000] {subprocess.py:63} INFO - Tmp dir root location: 
 /tmp
[2022-12-25T03:38:38.660+0000] {subprocess.py:75} INFO - Running command: ['/bin/bash', '-c', 'echo hey, I am task3 and will be running after task1 at the same time as task2!']
[2022-12-25T03:38:40.865+0000] {subprocess.py:86} INFO - Output:
[2022-12-25T03:38:54.263+0000] {subprocess.py:93} INFO - hey, I am task3 and will be running after task1 at the same time as task2!
[2022-12-25T03:38:56.976+0000] {subprocess.py:97} INFO - Command exited with return code 0
[2022-12-25T03:39:56.813+0000] {taskinstance.py:1327} INFO - Marking task as SUCCESS. dag_id=our_first_dag, task_id=thrid_task, execution_date=20221219T000000, start_date=20221225T033745, end_date=20221225T033956
[2022-12-25T03:40:23.441+0000] {local_task_job.py:159} INFO - Task exited with return code 0
[2022-12-25T03:40:27.097+0000] {taskinstance.py:2582} INFO - 0 downstream tasks scheduled from follow-on schedule check
