[2022-12-25T03:37:46.541+0000] {taskinstance.py:1087} INFO - Dependencies all met for <TaskInstance: our_first_dag.second_task scheduled__2022-12-22T00:00:00+00:00 [queued]>
[2022-12-25T03:37:49.274+0000] {taskinstance.py:1087} INFO - Dependencies all met for <TaskInstance: our_first_dag.second_task scheduled__2022-12-22T00:00:00+00:00 [queued]>
[2022-12-25T03:37:49.279+0000] {taskinstance.py:1283} INFO - 
--------------------------------------------------------------------------------
[2022-12-25T03:37:49.293+0000] {taskinstance.py:1284} INFO - Starting attempt 1 of 6
[2022-12-25T03:37:49.298+0000] {taskinstance.py:1285} INFO - 
--------------------------------------------------------------------------------
[2022-12-25T03:37:49.910+0000] {taskinstance.py:1304} INFO - Executing <Task(BashOperator): second_task> on 2022-12-22 00:00:00+00:00
[2022-12-25T03:37:50.083+0000] {standard_task_runner.py:55} INFO - Started process 360 to run task
[2022-12-25T03:37:50.753+0000] {standard_task_runner.py:82} INFO - Running: ['***', 'tasks', 'run', 'our_first_dag', 'second_task', 'scheduled__2022-12-22T00:00:00+00:00', '--job-id', '32', '--raw', '--subdir', 'DAGS_FOLDER/test_dag.py', '--cfg-path', '/tmp/tmplsgawzzg']
[2022-12-25T03:37:51.018+0000] {standard_task_runner.py:83} INFO - Job 32: Subtask second_task
[2022-12-25T03:37:58.429+0000] {task_command.py:389} INFO - Running <TaskInstance: our_first_dag.second_task scheduled__2022-12-22T00:00:00+00:00 [running]> on host 176142c05a95
[2022-12-25T03:38:22.489+0000] {taskinstance.py:1513} INFO - Exporting the following env vars:
AIRFLOW_CTX_DAG_OWNER=abi
AIRFLOW_CTX_DAG_ID=our_first_dag
AIRFLOW_CTX_TASK_ID=second_task
AIRFLOW_CTX_EXECUTION_DATE=2022-12-22T00:00:00+00:00
AIRFLOW_CTX_TRY_NUMBER=1
AIRFLOW_CTX_DAG_RUN_ID=scheduled__2022-12-22T00:00:00+00:00
[2022-12-25T03:38:23.132+0000] {subprocess.py:63} INFO - Tmp dir root location: 
 /tmp
[2022-12-25T03:38:23.156+0000] {subprocess.py:75} INFO - Running command: ['/bin/bash', '-c', 'echo hey, I am task2 and will be running after task1!']
[2022-12-25T03:38:25.540+0000] {subprocess.py:86} INFO - Output:
[2022-12-25T03:38:35.242+0000] {subprocess.py:93} INFO - hey, I am task2 and will be running after task1!
[2022-12-25T03:38:35.285+0000] {subprocess.py:97} INFO - Command exited with return code 0
[2022-12-25T03:39:02.876+0000] {taskinstance.py:1327} INFO - Marking task as SUCCESS. dag_id=our_first_dag, task_id=second_task, execution_date=20221222T000000, start_date=20221225T033746, end_date=20221225T033902
[2022-12-25T03:39:54.163+0000] {local_task_job.py:159} INFO - Task exited with return code 0
[2022-12-25T03:40:22.607+0000] {taskinstance.py:2582} INFO - 0 downstream tasks scheduled from follow-on schedule check
