[2022-12-25T03:37:45.907+0000] {taskinstance.py:1087} INFO - Dependencies all met for <TaskInstance: our_first_dag.thrid_task scheduled__2022-12-22T00:00:00+00:00 [queued]>
[2022-12-25T03:37:49.335+0000] {taskinstance.py:1087} INFO - Dependencies all met for <TaskInstance: our_first_dag.thrid_task scheduled__2022-12-22T00:00:00+00:00 [queued]>
[2022-12-25T03:37:49.388+0000] {taskinstance.py:1283} INFO - 
--------------------------------------------------------------------------------
[2022-12-25T03:37:49.395+0000] {taskinstance.py:1284} INFO - Starting attempt 1 of 6
[2022-12-25T03:37:49.426+0000] {taskinstance.py:1285} INFO - 
--------------------------------------------------------------------------------
[2022-12-25T03:37:52.460+0000] {taskinstance.py:1304} INFO - Executing <Task(BashOperator): thrid_task> on 2022-12-22 00:00:00+00:00
[2022-12-25T03:37:53.220+0000] {standard_task_runner.py:55} INFO - Started process 373 to run task
[2022-12-25T03:37:53.638+0000] {standard_task_runner.py:82} INFO - Running: ['***', 'tasks', 'run', 'our_first_dag', 'thrid_task', 'scheduled__2022-12-22T00:00:00+00:00', '--job-id', '29', '--raw', '--subdir', 'DAGS_FOLDER/test_dag.py', '--cfg-path', '/tmp/tmpha89jdrc']
[2022-12-25T03:37:53.725+0000] {standard_task_runner.py:83} INFO - Job 29: Subtask thrid_task
[2022-12-25T03:38:16.011+0000] {task_command.py:389} INFO - Running <TaskInstance: our_first_dag.thrid_task scheduled__2022-12-22T00:00:00+00:00 [running]> on host 176142c05a95
[2022-12-25T03:38:40.373+0000] {taskinstance.py:1513} INFO - Exporting the following env vars:
AIRFLOW_CTX_DAG_OWNER=abi
AIRFLOW_CTX_DAG_ID=our_first_dag
AIRFLOW_CTX_TASK_ID=thrid_task
AIRFLOW_CTX_EXECUTION_DATE=2022-12-22T00:00:00+00:00
AIRFLOW_CTX_TRY_NUMBER=1
AIRFLOW_CTX_DAG_RUN_ID=scheduled__2022-12-22T00:00:00+00:00
[2022-12-25T03:38:46.758+0000] {subprocess.py:63} INFO - Tmp dir root location: 
 /tmp
[2022-12-25T03:38:47.637+0000] {subprocess.py:75} INFO - Running command: ['/bin/bash', '-c', 'echo hey, I am task3 and will be running after task1 at the same time as task2!']
[2022-12-25T03:39:02.522+0000] {subprocess.py:86} INFO - Output:
[2022-12-25T03:39:28.640+0000] {subprocess.py:93} INFO - hey, I am task3 and will be running after task1 at the same time as task2!
[2022-12-25T03:39:30.475+0000] {subprocess.py:97} INFO - Command exited with return code 0
[2022-12-25T03:40:20.906+0000] {taskinstance.py:1327} INFO - Marking task as SUCCESS. dag_id=our_first_dag, task_id=thrid_task, execution_date=20221222T000000, start_date=20221225T033746, end_date=20221225T034020
[2022-12-25T03:40:30.928+0000] {local_task_job.py:159} INFO - Task exited with return code 0
[2022-12-25T03:40:33.578+0000] {taskinstance.py:2582} INFO - 0 downstream tasks scheduled from follow-on schedule check
