[2022-12-25T03:37:11.967+0000] {taskinstance.py:1087} INFO - Dependencies all met for <TaskInstance: our_first_dag.thrid_task scheduled__2022-12-17T00:00:00+00:00 [queued]>
[2022-12-25T03:37:13.942+0000] {taskinstance.py:1087} INFO - Dependencies all met for <TaskInstance: our_first_dag.thrid_task scheduled__2022-12-17T00:00:00+00:00 [queued]>
[2022-12-25T03:37:14.002+0000] {taskinstance.py:1283} INFO - 
--------------------------------------------------------------------------------
[2022-12-25T03:37:14.013+0000] {taskinstance.py:1284} INFO - Starting attempt 1 of 6
[2022-12-25T03:37:14.018+0000] {taskinstance.py:1285} INFO - 
--------------------------------------------------------------------------------
[2022-12-25T03:37:14.775+0000] {taskinstance.py:1304} INFO - Executing <Task(BashOperator): thrid_task> on 2022-12-17 00:00:00+00:00
[2022-12-25T03:37:15.036+0000] {standard_task_runner.py:55} INFO - Started process 336 to run task
[2022-12-25T03:37:15.151+0000] {standard_task_runner.py:82} INFO - Running: ['***', 'tasks', 'run', 'our_first_dag', 'thrid_task', 'scheduled__2022-12-17T00:00:00+00:00', '--job-id', '25', '--raw', '--subdir', 'DAGS_FOLDER/test_dag.py', '--cfg-path', '/tmp/tmpnckj8goa']
[2022-12-25T03:37:15.171+0000] {standard_task_runner.py:83} INFO - Job 25: Subtask thrid_task
[2022-12-25T03:37:21.227+0000] {task_command.py:389} INFO - Running <TaskInstance: our_first_dag.thrid_task scheduled__2022-12-17T00:00:00+00:00 [running]> on host 176142c05a95
[2022-12-25T03:37:31.934+0000] {taskinstance.py:1513} INFO - Exporting the following env vars:
AIRFLOW_CTX_DAG_OWNER=abi
AIRFLOW_CTX_DAG_ID=our_first_dag
AIRFLOW_CTX_TASK_ID=thrid_task
AIRFLOW_CTX_EXECUTION_DATE=2022-12-17T00:00:00+00:00
AIRFLOW_CTX_TRY_NUMBER=1
AIRFLOW_CTX_DAG_RUN_ID=scheduled__2022-12-17T00:00:00+00:00
[2022-12-25T03:37:31.987+0000] {subprocess.py:63} INFO - Tmp dir root location: 
 /tmp
[2022-12-25T03:37:32.024+0000] {subprocess.py:75} INFO - Running command: ['/bin/bash', '-c', 'echo hey, I am task3 and will be running after task1 at the same time as task2!']
[2022-12-25T03:37:32.277+0000] {subprocess.py:86} INFO - Output:
[2022-12-25T03:37:32.336+0000] {subprocess.py:93} INFO - hey, I am task3 and will be running after task1 at the same time as task2!
[2022-12-25T03:37:32.348+0000] {subprocess.py:97} INFO - Command exited with return code 0
[2022-12-25T03:37:34.046+0000] {taskinstance.py:1327} INFO - Marking task as SUCCESS. dag_id=our_first_dag, task_id=thrid_task, execution_date=20221217T000000, start_date=20221225T033712, end_date=20221225T033734
[2022-12-25T03:37:37.350+0000] {local_task_job.py:159} INFO - Task exited with return code 0
[2022-12-25T03:37:39.065+0000] {taskinstance.py:2582} INFO - 0 downstream tasks scheduled from follow-on schedule check
