[2022-12-25T03:37:14.358+0000] {taskinstance.py:1087} INFO - Dependencies all met for <TaskInstance: our_first_dag.thrid_task manual__2022-12-25T03:36:23.293078+00:00 [queued]>
[2022-12-25T03:37:14.780+0000] {taskinstance.py:1087} INFO - Dependencies all met for <TaskInstance: our_first_dag.thrid_task manual__2022-12-25T03:36:23.293078+00:00 [queued]>
[2022-12-25T03:37:14.796+0000] {taskinstance.py:1283} INFO - 
--------------------------------------------------------------------------------
[2022-12-25T03:37:14.823+0000] {taskinstance.py:1284} INFO - Starting attempt 1 of 6
[2022-12-25T03:37:14.835+0000] {taskinstance.py:1285} INFO - 
--------------------------------------------------------------------------------
[2022-12-25T03:37:16.821+0000] {taskinstance.py:1304} INFO - Executing <Task(BashOperator): thrid_task> on 2022-12-25 03:36:23.293078+00:00
[2022-12-25T03:37:17.223+0000] {standard_task_runner.py:55} INFO - Started process 338 to run task
[2022-12-25T03:37:17.988+0000] {standard_task_runner.py:82} INFO - Running: ['***', 'tasks', 'run', 'our_first_dag', 'thrid_task', 'manual__2022-12-25T03:36:23.293078+00:00', '--job-id', '26', '--raw', '--subdir', 'DAGS_FOLDER/test_dag.py', '--cfg-path', '/tmp/tmputb9eyro']
[2022-12-25T03:37:18.381+0000] {standard_task_runner.py:83} INFO - Job 26: Subtask thrid_task
[2022-12-25T03:37:23.044+0000] {task_command.py:389} INFO - Running <TaskInstance: our_first_dag.thrid_task manual__2022-12-25T03:36:23.293078+00:00 [running]> on host 176142c05a95
[2022-12-25T03:37:32.180+0000] {taskinstance.py:1513} INFO - Exporting the following env vars:
AIRFLOW_CTX_DAG_OWNER=abi
AIRFLOW_CTX_DAG_ID=our_first_dag
AIRFLOW_CTX_TASK_ID=thrid_task
AIRFLOW_CTX_EXECUTION_DATE=2022-12-25T03:36:23.293078+00:00
AIRFLOW_CTX_TRY_NUMBER=1
AIRFLOW_CTX_DAG_RUN_ID=manual__2022-12-25T03:36:23.293078+00:00
[2022-12-25T03:37:32.303+0000] {subprocess.py:63} INFO - Tmp dir root location: 
 /tmp
[2022-12-25T03:37:32.330+0000] {subprocess.py:75} INFO - Running command: ['/bin/bash', '-c', 'echo hey, I am task3 and will be running after task1 at the same time as task2!']
[2022-12-25T03:37:32.815+0000] {subprocess.py:86} INFO - Output:
[2022-12-25T03:37:32.966+0000] {subprocess.py:93} INFO - hey, I am task3 and will be running after task1 at the same time as task2!
[2022-12-25T03:37:33.002+0000] {subprocess.py:97} INFO - Command exited with return code 0
[2022-12-25T03:37:33.722+0000] {taskinstance.py:1327} INFO - Marking task as SUCCESS. dag_id=our_first_dag, task_id=thrid_task, execution_date=20221225T033623, start_date=20221225T033714, end_date=20221225T033733
[2022-12-25T03:37:35.031+0000] {local_task_job.py:159} INFO - Task exited with return code 0
[2022-12-25T03:37:36.330+0000] {taskinstance.py:2582} INFO - 0 downstream tasks scheduled from follow-on schedule check
