[2022-12-25T03:36:51.129+0000] {taskinstance.py:1087} INFO - Dependencies all met for <TaskInstance: our_first_dag.first_task scheduled__2022-12-20T00:00:00+00:00 [queued]>
[2022-12-25T03:36:51.772+0000] {taskinstance.py:1087} INFO - Dependencies all met for <TaskInstance: our_first_dag.first_task scheduled__2022-12-20T00:00:00+00:00 [queued]>
[2022-12-25T03:36:51.791+0000] {taskinstance.py:1283} INFO - 
--------------------------------------------------------------------------------
[2022-12-25T03:36:51.804+0000] {taskinstance.py:1284} INFO - Starting attempt 1 of 6
[2022-12-25T03:36:51.815+0000] {taskinstance.py:1285} INFO - 
--------------------------------------------------------------------------------
[2022-12-25T03:36:52.711+0000] {taskinstance.py:1304} INFO - Executing <Task(BashOperator): first_task> on 2022-12-20 00:00:00+00:00
[2022-12-25T03:36:53.543+0000] {standard_task_runner.py:55} INFO - Started process 307 to run task
[2022-12-25T03:36:53.611+0000] {standard_task_runner.py:82} INFO - Running: ['***', 'tasks', 'run', 'our_first_dag', 'first_task', 'scheduled__2022-12-20T00:00:00+00:00', '--job-id', '21', '--raw', '--subdir', 'DAGS_FOLDER/test_dag.py', '--cfg-path', '/tmp/tmphm5yokj0']
[2022-12-25T03:36:53.622+0000] {standard_task_runner.py:83} INFO - Job 21: Subtask first_task
[2022-12-25T03:36:57.182+0000] {task_command.py:389} INFO - Running <TaskInstance: our_first_dag.first_task scheduled__2022-12-20T00:00:00+00:00 [running]> on host 176142c05a95
[2022-12-25T03:37:01.583+0000] {taskinstance.py:1513} INFO - Exporting the following env vars:
AIRFLOW_CTX_DAG_OWNER=abi
AIRFLOW_CTX_DAG_ID=our_first_dag
AIRFLOW_CTX_TASK_ID=first_task
AIRFLOW_CTX_EXECUTION_DATE=2022-12-20T00:00:00+00:00
AIRFLOW_CTX_TRY_NUMBER=1
AIRFLOW_CTX_DAG_RUN_ID=scheduled__2022-12-20T00:00:00+00:00
[2022-12-25T03:37:01.774+0000] {subprocess.py:63} INFO - Tmp dir root location: 
 /tmp
[2022-12-25T03:37:01.846+0000] {subprocess.py:75} INFO - Running command: ['/bin/bash', '-c', 'echo hello world, this is the first task!']
[2022-12-25T03:37:02.456+0000] {subprocess.py:86} INFO - Output:
[2022-12-25T03:37:02.520+0000] {subprocess.py:93} INFO - hello world, this is the first task!
[2022-12-25T03:37:02.554+0000] {subprocess.py:97} INFO - Command exited with return code 0
[2022-12-25T03:37:08.170+0000] {taskinstance.py:1327} INFO - Marking task as SUCCESS. dag_id=our_first_dag, task_id=first_task, execution_date=20221220T000000, start_date=20221225T033651, end_date=20221225T033708
[2022-12-25T03:37:11.637+0000] {local_task_job.py:159} INFO - Task exited with return code 0
[2022-12-25T03:37:14.137+0000] {taskinstance.py:2582} INFO - 0 downstream tasks scheduled from follow-on schedule check
