[2022-12-25T03:36:50.118+0000] {taskinstance.py:1087} INFO - Dependencies all met for <TaskInstance: our_first_dag.first_task scheduled__2022-12-19T00:00:00+00:00 [queued]>
[2022-12-25T03:36:50.320+0000] {taskinstance.py:1087} INFO - Dependencies all met for <TaskInstance: our_first_dag.first_task scheduled__2022-12-19T00:00:00+00:00 [queued]>
[2022-12-25T03:36:50.326+0000] {taskinstance.py:1283} INFO - 
--------------------------------------------------------------------------------
[2022-12-25T03:36:50.334+0000] {taskinstance.py:1284} INFO - Starting attempt 1 of 6
[2022-12-25T03:36:50.336+0000] {taskinstance.py:1285} INFO - 
--------------------------------------------------------------------------------
[2022-12-25T03:36:50.612+0000] {taskinstance.py:1304} INFO - Executing <Task(BashOperator): first_task> on 2022-12-19 00:00:00+00:00
[2022-12-25T03:36:50.753+0000] {standard_task_runner.py:55} INFO - Started process 303 to run task
[2022-12-25T03:36:50.872+0000] {standard_task_runner.py:82} INFO - Running: ['***', 'tasks', 'run', 'our_first_dag', 'first_task', 'scheduled__2022-12-19T00:00:00+00:00', '--job-id', '20', '--raw', '--subdir', 'DAGS_FOLDER/test_dag.py', '--cfg-path', '/tmp/tmp2hdfuc5m']
[2022-12-25T03:36:50.882+0000] {standard_task_runner.py:83} INFO - Job 20: Subtask first_task
[2022-12-25T03:36:51.764+0000] {task_command.py:389} INFO - Running <TaskInstance: our_first_dag.first_task scheduled__2022-12-19T00:00:00+00:00 [running]> on host 176142c05a95
[2022-12-25T03:36:55.513+0000] {taskinstance.py:1513} INFO - Exporting the following env vars:
AIRFLOW_CTX_DAG_OWNER=abi
AIRFLOW_CTX_DAG_ID=our_first_dag
AIRFLOW_CTX_TASK_ID=first_task
AIRFLOW_CTX_EXECUTION_DATE=2022-12-19T00:00:00+00:00
AIRFLOW_CTX_TRY_NUMBER=1
AIRFLOW_CTX_DAG_RUN_ID=scheduled__2022-12-19T00:00:00+00:00
[2022-12-25T03:36:55.773+0000] {subprocess.py:63} INFO - Tmp dir root location: 
 /tmp
[2022-12-25T03:36:55.806+0000] {subprocess.py:75} INFO - Running command: ['/bin/bash', '-c', 'echo hello world, this is the first task!']
[2022-12-25T03:36:56.012+0000] {subprocess.py:86} INFO - Output:
[2022-12-25T03:36:56.017+0000] {subprocess.py:93} INFO - hello world, this is the first task!
[2022-12-25T03:36:56.023+0000] {subprocess.py:97} INFO - Command exited with return code 0
[2022-12-25T03:36:56.947+0000] {taskinstance.py:1327} INFO - Marking task as SUCCESS. dag_id=our_first_dag, task_id=first_task, execution_date=20221219T000000, start_date=20221225T033650, end_date=20221225T033656
[2022-12-25T03:36:58.347+0000] {local_task_job.py:159} INFO - Task exited with return code 0
[2022-12-25T03:36:59.280+0000] {taskinstance.py:2582} INFO - 0 downstream tasks scheduled from follow-on schedule check
